[Licensing::Module] Channel doesn't exist: "LicenseClient-kopi_SACHet"
[Licensing::Module] Successfully launched the LicensingClient (PId: 9792)
[Licensing::Module] Successfully connected to LicensingClient on channel: "LicenseClient-kopi_SACHet" (connect: 0.92s, validation: 0.07s, handshake: 1.14s)
[Licensing::Module] Connected to LicensingClient (PId: 9792, launch time: 0.00, total connection time: 2.14s)
Entitlement-based licensing initiated
[LicensingClient] Licenses updated successfully

LICENSE SYSTEM [20201216 10:56:24] Next license update check is after 2020-12-16T07:40:41


LICENSE SYSTEM [20201216 10:56:24] Current license is already valid and activated. Skipping license activation process (Provided username/password will be ignored).
Built from '2020.1/staging' branch; Version is '2020.1.13f1 (5e24f28bfbc0) revision 6169842'; Using compiler version '192227905'; Build Type 'Release'
OS: 'Windows 10  (10.0.0) 64bit' Language: 'en' Physical Memory: 3964 MB
[Licensing::Module] Serial number assigned to: "F4-HS43-YYP3-WJ5B-M97M-XXXX"
BatchMode: 1, IsHumanControllingUs: 0, StartBugReporterOnCrash: 0, Is64bit: 1, IsPro: 0
[Package Manager] Server::Start -- Port 53457 was selected

 COMMAND LINE ARGUMENTS:
C:\Program Files\Unity\Hub\Editor\2020.1.13f1\Editor\Unity.exe
-quit
-batchmode
-logFile
stdout.log
-executeMethod
CommandBuilder.build
D:/Project/Unity/Pribadi/quanta-realm
Using Asset Import Pipeline V2.
[Package Manager] Restoring resolved packages state from cache
[Package Manager] Done checking package constraints in 0.00s seconds
[Package Manager] 
Registered 36 packages:
  Packages from [https://packages.unity.com]:
    com.unity.ide.visualstudio@2.0.3 (location: D:\Project\Unity\Pribadi\quanta-realm\Library\PackageCache\com.unity.ide.visualstudio@2.0.3)
    com.unity.ide.vscode@1.2.3 (location: D:\Project\Unity\Pribadi\quanta-realm\Library\PackageCache\com.unity.ide.vscode@1.2.3)
  Built-in packages:
    com.unity.ugui@1.0.0 (location: C:\Program Files\Unity\Hub\Editor\2020.1.13f1\Editor\Data\Resources\PackageManager\BuiltInPackages\com.unity.ugui)
    com.unity.modules.ai@1.0.0 (location: C:\Program Files\Unity\Hub\Editor\2020.1.13f1\Editor\Data\Resources\PackageManager\BuiltInPackages\com.unity.modules.ai)
    com.unity.modules.androidjni@1.0.0 (location: C:\Program Files\Unity\Hub\Editor\2020.1.13f1\Editor\Data\Resources\PackageManager\BuiltInPackages\com.unity.modules.androidjni)
    com.unity.modules.animation@1.0.0 (location: C:\Program Files\Unity\Hub\Editor\2020.1.13f1\Editor\Data\Resources\PackageManager\BuiltInPackages\com.unity.modules.animation)
    com.unity.modules.assetbundle@1.0.0 (location: C:\Program Files\Unity\Hub\Editor\2020.1.13f1\Editor\Data\Resources\PackageManager\BuiltInPackages\com.unity.modules.assetbundle)
    com.unity.modules.audio@1.0.0 (location: C:\Program Files\Unity\Hub\Editor\2020.1.13f1\Editor\Data\Resources\PackageManager\BuiltInPackages\com.unity.modules.audio)
    com.unity.modules.cloth@1.0.0 (location: C:\Program Files\Unity\Hub\Editor\2020.1.13f1\Editor\Data\Resources\PackageManager\BuiltInPackages\com.unity.modules.cloth)
    com.unity.modules.director@1.0.0 (location: C:\Program Files\Unity\Hub\Editor\2020.1.13f1\Editor\Data\Resources\PackageManager\BuiltInPackages\com.unity.modules.director)
    com.unity.modules.imageconversion@1.0.0 (location: C:\Program Files\Unity\Hub\Editor\2020.1.13f1\Editor\Data\Resources\PackageManager\BuiltInPackages\com.unity.modules.imageconversion)
    com.unity.modules.imgui@1.0.0 (location: C:\Program Files\Unity\Hub\Editor\2020.1.13f1\Editor\Data\Resources\PackageManager\BuiltInPackages\com.unity.modules.imgui)
    com.unity.modules.jsonserialize@1.0.0 (location: C:\Program Files\Unity\Hub\Editor\2020.1.13f1\Editor\Data\Resources\PackageManager\BuiltInPackages\com.unity.modules.jsonserialize)
    com.unity.modules.particlesystem@1.0.0 (location: C:\Program Files\Unity\Hub\Editor\2020.1.13f1\Editor\Data\Resources\PackageManager\BuiltInPackages\com.unity.modules.particlesystem)
    com.unity.modules.physics@1.0.0 (location: C:\Program Files\Unity\Hub\Editor\2020.1.13f1\Editor\Data\Resources\PackageManager\BuiltInPackages\com.unity.modules.physics)
    com.unity.modules.physics2d@1.0.0 (location: C:\Program Files\Unity\Hub\Editor\2020.1.13f1\Editor\Data\Resources\PackageManager\BuiltInPackages\com.unity.modules.physics2d)
    com.unity.modules.screencapture@1.0.0 (location: C:\Program Files\Unity\Hub\Editor\2020.1.13f1\Editor\Data\Resources\PackageManager\BuiltInPackages\com.unity.modules.screencapture)
    com.unity.modules.terrain@1.0.0 (location: C:\Program Files\Unity\Hub\Editor\2020.1.13f1\Editor\Data\Resources\PackageManager\BuiltInPackages\com.unity.modules.terrain)
    com.unity.modules.terrainphysics@1.0.0 (location: C:\Program Files\Unity\Hub\Editor\2020.1.13f1\Editor\Data\Resources\PackageManager\BuiltInPackages\com.unity.modules.terrainphysics)
    com.unity.modules.tilemap@1.0.0 (location: C:\Program Files\Unity\Hub\Editor\2020.1.13f1\Editor\Data\Resources\PackageManager\BuiltInPackages\com.unity.modules.tilemap)
    com.unity.modules.ui@1.0.0 (location: C:\Program Files\Unity\Hub\Editor\2020.1.13f1\Editor\Data\Resources\PackageManager\BuiltInPackages\com.unity.modules.ui)
    com.unity.modules.uielements@1.0.0 (location: C:\Program Files\Unity\Hub\Editor\2020.1.13f1\Editor\Data\Resources\PackageManager\BuiltInPackages\com.unity.modules.uielements)
    com.unity.modules.umbra@1.0.0 (location: C:\Program Files\Unity\Hub\Editor\2020.1.13f1\Editor\Data\Resources\PackageManager\BuiltInPackages\com.unity.modules.umbra)
    com.unity.modules.unityanalytics@1.0.0 (location: C:\Program Files\Unity\Hub\Editor\2020.1.13f1\Editor\Data\Resources\PackageManager\BuiltInPackages\com.unity.modules.unityanalytics)
    com.unity.modules.unitywebrequest@1.0.0 (location: C:\Program Files\Unity\Hub\Editor\2020.1.13f1\Editor\Data\Resources\PackageManager\BuiltInPackages\com.unity.modules.unitywebrequest)
    com.unity.modules.unitywebrequestassetbundle@1.0.0 (location: C:\Program Files\Unity\Hub\Editor\2020.1.13f1\Editor\Data\Resources\PackageManager\BuiltInPackages\com.unity.modules.unitywebrequestassetbundle)
    com.unity.modules.unitywebrequestaudio@1.0.0 (location: C:\Program Files\Unity\Hub\Editor\2020.1.13f1\Editor\Data\Resources\PackageManager\BuiltInPackages\com.unity.modules.unitywebrequestaudio)
    com.unity.modules.unitywebrequesttexture@1.0.0 (location: C:\Program Files\Unity\Hub\Editor\2020.1.13f1\Editor\Data\Resources\PackageManager\BuiltInPackages\com.unity.modules.unitywebrequesttexture)
    com.unity.modules.unitywebrequestwww@1.0.0 (location: C:\Program Files\Unity\Hub\Editor\2020.1.13f1\Editor\Data\Resources\PackageManager\BuiltInPackages\com.unity.modules.unitywebrequestwww)
    com.unity.modules.vehicles@1.0.0 (location: C:\Program Files\Unity\Hub\Editor\2020.1.13f1\Editor\Data\Resources\PackageManager\BuiltInPackages\com.unity.modules.vehicles)
    com.unity.modules.video@1.0.0 (location: C:\Program Files\Unity\Hub\Editor\2020.1.13f1\Editor\Data\Resources\PackageManager\BuiltInPackages\com.unity.modules.video)
    com.unity.modules.vr@1.0.0 (location: C:\Program Files\Unity\Hub\Editor\2020.1.13f1\Editor\Data\Resources\PackageManager\BuiltInPackages\com.unity.modules.vr)
    com.unity.modules.wind@1.0.0 (location: C:\Program Files\Unity\Hub\Editor\2020.1.13f1\Editor\Data\Resources\PackageManager\BuiltInPackages\com.unity.modules.wind)
    com.unity.modules.xr@1.0.0 (location: C:\Program Files\Unity\Hub\Editor\2020.1.13f1\Editor\Data\Resources\PackageManager\BuiltInPackages\com.unity.modules.xr)
    com.unity.modules.subsystems@1.0.0 (location: C:\Program Files\Unity\Hub\Editor\2020.1.13f1\Editor\Data\Resources\PackageManager\BuiltInPackages\com.unity.modules.subsystems)
    com.unity.modules.uielementsnative@1.0.0 (location: C:\Program Files\Unity\Hub\Editor\2020.1.13f1\Editor\Data\Resources\PackageManager\BuiltInPackages\com.unity.modules.uielementsnative)

[Subsystems] No new subsystems found in resolved package list.
[Package Manager] Done registering packages in 0.41s seconds
Refreshing native plugins compatible for Editor in 22.42 ms, found 0 plugins.
Preloading 0 native plugins for Editor in 0.00 ms.
Initialize engine version: 2020.1.13f1 (5e24f28bfbc0)
[Subsystems] Discovering subsystems at path C:/Program Files/Unity/Hub/Editor/2020.1.13f1/Editor/Data/Resources/UnitySubsystems
[Subsystems] Discovering subsystems at path D:/Project/Unity/Pribadi/quanta-realm/Assets
GfxDevice: creating device client; threaded=0
Direct3D:
    Version:  Direct3D 11.0 [level 11.1]
    Renderer: Intel(R) HD Graphics 620 (ID=0x5916)
    Vendor:   
    VRAM:     1982 MB
    Driver:   22.20.16.4708
Initialize mono
Mono path[0] = 'C:/Program Files/Unity/Hub/Editor/2020.1.13f1/Editor/Data/Managed'
Mono path[1] = 'C:/Program Files/Unity/Hub/Editor/2020.1.13f1/Editor/Data/MonoBleedingEdge/lib/mono/unityjit'
Mono config path = 'C:/Program Files/Unity/Hub/Editor/2020.1.13f1/Editor/Data/MonoBleedingEdge/etc'
Using monoOptions --debugger-agent=transport=dt_socket,embedding=1,server=y,suspend=n,address=127.0.0.1:56368
ImportWorker Server TCP listen port: 52053
AcceleratorClientConnectionCallback - disconnected - :0
Begin MonoManager ReloadAssembly
Registering precompiled unity dll's ...
Register platform support module: C:/Program Files/Unity/Hub/Editor/2020.1.13f1/Editor/Data/PlaybackEngines/WebGLSupport/UnityEditor.WebGL.Extensions.dll
Register platform support module: C:/Program Files/Unity/Hub/Editor/2020.1.13f1/Editor/Data/PlaybackEngines/WindowsStandaloneSupport/UnityEditor.WindowsStandalone.Extensions.dll
Registered in 0.007770 seconds.
Native extension for WindowsStandalone target not found
Native extension for WebGL target not found
Refreshing native plugins compatible for Editor in 3.05 ms, found 0 plugins.
Preloading 0 native plugins for Editor in 0.00 ms.
Mono: successfully reloaded assembly
- Completed reload, in  5.148 seconds
Registering precompiled user dll's ...
Registered in 0.077941 seconds.
Platform modules already initialized, skipping
Validating Project structure ... 0.014344 seconds.
Shader import version has changed; will reimport all shaders...
Upgrading shader files ...0.047456 seconds.
Begin MonoManager ReloadAssembly
Native extension for WindowsStandalone target not found
Native extension for WebGL target not found
Refreshing native plugins compatible for Editor in 0.09 ms, found 0 plugins.
Preloading 0 native plugins for Editor in 0.00 ms.
Mono: successfully reloaded assembly
- Completed reload, in  1.625 seconds
Platform modules already initialized, skipping
RefreshInfo: InitialScriptRefreshV2(NoUpdateAssetOptions) scanfilter:  ... 1 filters
RefreshProfiler: Total: 6501.883ms
	InvokeBeforeRefreshCallbacks: 0.390ms
	ApplyChangesToAssetFolders: 0.062ms
	WriteModifiedImportersToTextMetaFiles: 0.000ms
	CleanLegacyArtifacts: 0.000ms
	Scan: 23.194ms
	OnSourceAssetsModified: 0.000ms
	UnregisterDeletedAssets: 0.000ms
	InitializeImportedAssetsSnapshot: 0.562ms
	GetAllGuidsForCategorization: 0.031ms
	CategorizeAssets: 3.224ms
	ImportAndPostprocessOutOfDateAssets: 6471.451ms (6471.262ms without children)
		ImportManagerImport: 0.000ms (0.000ms without children)
			ImportInProcess: 0.000ms
			ImportOutOfProcess: 0.000ms
			UpdateCategorizedAssets: 0.000ms
			RemoteAssetCacheUploadArtifacts: 0.000ms (0.000ms without children)
				RemoteAssetCacheUploadMetadata: 0.000ms
			RemoteAssetCacheGetArtifact: 0.000ms (0.000ms without children)
				RemoteAssetCacheFetchMetadata: 0.000ms
				RemoteAssetCacheMatchMetadataResults: 0.000ms
				RemoteAssetCacheDownloadFile: 0.000ms
		CompileScripts: 0.000ms
		PostProcessAllAssets: 0.001ms
		ReloadImportedAssets: 0.000ms
		VerifyAssetsAreUpToDateAndCorrect: 0.000ms
		EnsureUptoDateAssetsAreRegisteredWithGuidPM: 0.032ms
		InitializingProgressBar: 0.000ms
		PostProcessAllAssetNotificationsAddChangedAssets: 0.022ms
		OnDemandSchedulerStart: 0.000ms
		RestoreLoadedAssetsState: 0.135ms
	InvokeProjectHasChanged: 0.000ms
	UpdateImportedAssetsSnapshot: 0.000ms
	ReloadSourceAssets: 0.158ms
	UnloadImportedAssets: 0.003ms
	Hotreload: 0.294ms
	FixTempGuids: 0.005ms
	VerifyGuidPMRegistrations: 0.000ms
	GatherAllCurrentPrimaryArtifactRevisions: 0.000ms
	UnloadStreamsBegin: 0.295ms
	LoadedImportedAssetsSnapshotReleaseGCHandles: 0.003ms
	GetLoadedSourceAssetsSnapshot: 0.296ms
	PersistCurrentRevisions: 0.072ms
	UnloadStreamsEnd: 1.615ms
	GenerateScriptTypeHashes: 0.001ms
	Untracked: 0.228ms

Cache server average upload speed: 0.000 MB/s (Total: 0.000 MB)
Cache server average download speed: 0.000 MB/s (Total: 0.000 MB)
Files imported locally: 0
Files uploaded to cache server: 0
Files downloaded from cache server: 0

Refreshing native plugins compatible for Editor in 0.17 ms, found 0 plugins.
Preloading 0 native plugins for Editor in 0.00 ms.
Refresh completed in 0.166287 seconds.
RefreshInfo: RefreshV2(ForceSynchronousImport) scanfilter: 
RefreshProfiler: Total: 166.264ms
	InvokeBeforeRefreshCallbacks: 0.405ms
	ApplyChangesToAssetFolders: 0.065ms
	WriteModifiedImportersToTextMetaFiles: 0.000ms
	CleanLegacyArtifacts: 0.000ms
	Scan: 2.368ms
	OnSourceAssetsModified: 0.000ms
	UnregisterDeletedAssets: 0.000ms
	InitializeImportedAssetsSnapshot: 0.809ms
	GetAllGuidsForCategorization: 0.035ms
	CategorizeAssets: 2.999ms
	ImportAndPostprocessOutOfDateAssets: 157.137ms (0.620ms without children)
		ImportManagerImport: 0.000ms (0.000ms without children)
			ImportInProcess: 0.000ms
			ImportOutOfProcess: 0.000ms
			UpdateCategorizedAssets: 0.000ms
			RemoteAssetCacheUploadArtifacts: 0.000ms (0.000ms without children)
				RemoteAssetCacheUploadMetadata: 0.000ms
			RemoteAssetCacheGetArtifact: 0.000ms (0.000ms without children)
				RemoteAssetCacheFetchMetadata: 0.000ms
				RemoteAssetCacheMatchMetadataResults: 0.000ms
				RemoteAssetCacheDownloadFile: 0.000ms
		CompileScripts: 0.000ms
		PostProcessAllAssets: 155.125ms
		ReloadImportedAssets: 0.001ms
		VerifyAssetsAreUpToDateAndCorrect: 0.000ms
		EnsureUptoDateAssetsAreRegisteredWithGuidPM: 0.043ms
		InitializingProgressBar: 0.000ms
		PostProcessAllAssetNotificationsAddChangedAssets: 0.026ms
		OnDemandSchedulerStart: 0.336ms
		RestoreLoadedAssetsState: 0.277ms
	InvokeProjectHasChanged: 0.000ms
	UpdateImportedAssetsSnapshot: 0.709ms
	ReloadSourceAssets: 0.137ms
	UnloadImportedAssets: 0.015ms
	Hotreload: 1.231ms
	FixTempGuids: 0.004ms
	VerifyGuidPMRegistrations: 0.000ms
	GatherAllCurrentPrimaryArtifactRevisions: 0.039ms
	UnloadStreamsBegin: 0.006ms
	LoadedImportedAssetsSnapshotReleaseGCHandles: 0.117ms
	GetLoadedSourceAssetsSnapshot: 0.651ms
	PersistCurrentRevisions: 0.022ms
	UnloadStreamsEnd: 0.099ms
	GenerateScriptTypeHashes: 0.017ms
	Untracked: 0.127ms
RefreshInfo: StopAssetImportingV2(ForceSynchronousImport) scanfilter: 
RefreshProfiler: Total: 2.978ms
	InvokeBeforeRefreshCallbacks: 0.392ms
	ApplyChangesToAssetFolders: 0.060ms
	WriteModifiedImportersToTextMetaFiles: 0.000ms
	CleanLegacyArtifacts: 0.000ms
	Scan: 2.193ms
	OnSourceAssetsModified: 0.000ms
	UnregisterDeletedAssets: 0.000ms
	InitializeImportedAssetsSnapshot: 0.000ms
	GetAllGuidsForCategorization: 0.000ms
	CategorizeAssets: 0.000ms
	ImportAndPostprocessOutOfDateAssets: 0.000ms (0.000ms without children)
		ImportManagerImport: 0.000ms (0.000ms without children)
			ImportInProcess: 0.000ms
			ImportOutOfProcess: 0.000ms
			UpdateCategorizedAssets: 0.000ms
			RemoteAssetCacheUploadArtifacts: 0.000ms (0.000ms without children)
				RemoteAssetCacheUploadMetadata: 0.000ms
			RemoteAssetCacheGetArtifact: 0.000ms (0.000ms without children)
				RemoteAssetCacheFetchMetadata: 0.000ms
				RemoteAssetCacheMatchMetadataResults: 0.000ms
				RemoteAssetCacheDownloadFile: 0.000ms
		CompileScripts: 0.000ms
		PostProcessAllAssets: 0.000ms
		ReloadImportedAssets: 0.000ms
		VerifyAssetsAreUpToDateAndCorrect: 0.000ms
		EnsureUptoDateAssetsAreRegisteredWithGuidPM: 0.000ms
		InitializingProgressBar: 0.000ms
		PostProcessAllAssetNotificationsAddChangedAssets: 0.000ms
		OnDemandSchedulerStart: 0.000ms
		RestoreLoadedAssetsState: 0.000ms
	InvokeProjectHasChanged: 0.000ms
	UpdateImportedAssetsSnapshot: 0.000ms
	ReloadSourceAssets: 0.000ms
	UnloadImportedAssets: 0.000ms
	Hotreload: 0.023ms
	FixTempGuids: 0.005ms
	VerifyGuidPMRegistrations: 0.000ms
	GatherAllCurrentPrimaryArtifactRevisions: 0.038ms
	UnloadStreamsBegin: 0.068ms
	LoadedImportedAssetsSnapshotReleaseGCHandles: 0.000ms
	GetLoadedSourceAssetsSnapshot: 0.000ms
	PersistCurrentRevisions: 0.023ms
	UnloadStreamsEnd: 0.007ms
	GenerateScriptTypeHashes: 0.000ms
	Untracked: 0.168ms

Cache server average upload speed: 0.000 MB/s (Total: 0.000 MB)
Cache server average download speed: 0.000 MB/s (Total: 0.000 MB)
Files imported locally: 0
Files uploaded to cache server: 0
Files downloaded from cache server: 0

Refresh completed in 0.009210 seconds.
RefreshInfo: RefreshV2(NoUpdateAssetOptions) scanfilter: 
RefreshProfiler: Total: 9.190ms
	InvokeBeforeRefreshCallbacks: 0.386ms
	ApplyChangesToAssetFolders: 0.069ms
	WriteModifiedImportersToTextMetaFiles: 0.000ms
	CleanLegacyArtifacts: 0.000ms
	Scan: 2.131ms
	OnSourceAssetsModified: 0.000ms
	UnregisterDeletedAssets: 0.000ms
	InitializeImportedAssetsSnapshot: 0.976ms
	GetAllGuidsForCategorization: 0.035ms
	CategorizeAssets: 2.772ms
	ImportAndPostprocessOutOfDateAssets: 1.067ms (0.382ms without children)
		ImportManagerImport: 0.000ms (0.000ms without children)
			ImportInProcess: 0.000ms
			ImportOutOfProcess: 0.000ms
			UpdateCategorizedAssets: 0.000ms
			RemoteAssetCacheUploadArtifacts: 0.000ms (0.000ms without children)
				RemoteAssetCacheUploadMetadata: 0.000ms
			RemoteAssetCacheGetArtifact: 0.000ms (0.000ms without children)
				RemoteAssetCacheFetchMetadata: 0.000ms
				RemoteAssetCacheMatchMetadataResults: 0.000ms
				RemoteAssetCacheDownloadFile: 0.000ms
		CompileScripts: 0.000ms
		PostProcessAllAssets: 0.000ms
		ReloadImportedAssets: 0.000ms
		VerifyAssetsAreUpToDateAndCorrect: 0.000ms
		EnsureUptoDateAssetsAreRegisteredWithGuidPM: 0.048ms
		InitializingProgressBar: 0.000ms
		PostProcessAllAssetNotificationsAddChangedAssets: 0.024ms
		OnDemandSchedulerStart: 0.292ms
		RestoreLoadedAssetsState: 0.321ms
	InvokeProjectHasChanged: 0.000ms
	UpdateImportedAssetsSnapshot: 0.000ms
	ReloadSourceAssets: 0.305ms
	UnloadImportedAssets: 0.014ms
	Hotreload: 0.040ms
	FixTempGuids: 0.003ms
	VerifyGuidPMRegistrations: 0.000ms
	GatherAllCurrentPrimaryArtifactRevisions: 0.040ms
	UnloadStreamsBegin: 0.049ms
	LoadedImportedAssetsSnapshotReleaseGCHandles: 0.119ms
	GetLoadedSourceAssetsSnapshot: 0.530ms
	PersistCurrentRevisions: 0.022ms
	UnloadStreamsEnd: 0.005ms
	GenerateScriptTypeHashes: 0.000ms
	Untracked: 0.629ms
Launched and connected shader compiler UnityShaderCompiler.exe after 0.07 seconds
Initializing Unity extensions:
Unloading 44 Unused Serialized files (Serialized files now loaded: 0)
System memory in use before: 51.8 MB.
System memory in use after: 50.5 MB.

Unloading 63 unused Assets to reduce memory usage. Loaded Objects now: 724.
Total: 9.354700 ms (FindLiveObjects: 1.974000 ms CreateObjectMapping: 0.044200 ms MarkObjects: 6.066500 ms  DeleteObjects: 0.930800 ms)

[ScriptCompilation] Recompiling all scripts because: Recompiling scripts for player build.
BuildPlayer: start building target 19
- Starting script compilation
- Starting compile Library/PlayerScriptAssemblies/UnityEngine.UI.dll
- Finished compile Library/PlayerScriptAssemblies/UnityEngine.UI.dll in 1.522844 seconds
- Starting compile Library/PlayerScriptAssemblies/Assembly-CSharp.dll
- Finished compile Library/PlayerScriptAssemblies/Assembly-CSharp.dll in 0.428621 seconds
- Finished script compilation in 2.053839 seconds
Refresh completed in 0.010035 seconds.
RefreshInfo: RefreshV2(NoUpdateAssetOptions) scanfilter: 
RefreshProfiler: Total: 10.012ms
	InvokeBeforeRefreshCallbacks: 0.356ms
	ApplyChangesToAssetFolders: 0.077ms
	WriteModifiedImportersToTextMetaFiles: 0.000ms
	CleanLegacyArtifacts: 0.000ms
	Scan: 2.947ms
	OnSourceAssetsModified: 0.000ms
	UnregisterDeletedAssets: 0.000ms
	InitializeImportedAssetsSnapshot: 1.457ms
	GetAllGuidsForCategorization: 0.037ms
	CategorizeAssets: 2.843ms
	ImportAndPostprocessOutOfDateAssets: 0.927ms (0.241ms without children)
		ImportManagerImport: 0.000ms (0.000ms without children)
			ImportInProcess: 0.000ms
			ImportOutOfProcess: 0.000ms
			UpdateCategorizedAssets: 0.000ms
			RemoteAssetCacheUploadArtifacts: 0.000ms (0.000ms without children)
				RemoteAssetCacheUploadMetadata: 0.000ms
			RemoteAssetCacheGetArtifact: 0.000ms (0.000ms without children)
				RemoteAssetCacheFetchMetadata: 0.000ms
				RemoteAssetCacheMatchMetadataResults: 0.000ms
				RemoteAssetCacheDownloadFile: 0.000ms
		CompileScripts: 0.000ms
		PostProcessAllAssets: 0.000ms
		ReloadImportedAssets: 0.000ms
		VerifyAssetsAreUpToDateAndCorrect: 0.000ms
		EnsureUptoDateAssetsAreRegisteredWithGuidPM: 0.043ms
		InitializingProgressBar: 0.000ms
		PostProcessAllAssetNotificationsAddChangedAssets: 0.048ms
		OnDemandSchedulerStart: 0.277ms
		RestoreLoadedAssetsState: 0.318ms
	InvokeProjectHasChanged: 0.000ms
	UpdateImportedAssetsSnapshot: 0.000ms
	ReloadSourceAssets: 0.230ms
	UnloadImportedAssets: 0.014ms
	Hotreload: 0.021ms
	FixTempGuids: 0.002ms
	VerifyGuidPMRegistrations: 0.000ms
	GatherAllCurrentPrimaryArtifactRevisions: 0.038ms
	UnloadStreamsBegin: 0.082ms
	LoadedImportedAssetsSnapshotReleaseGCHandles: 0.112ms
	GetLoadedSourceAssetsSnapshot: 0.555ms
	PersistCurrentRevisions: 0.023ms
	UnloadStreamsEnd: 0.004ms
	GenerateScriptTypeHashes: 0.000ms
	Untracked: 0.285ms
Opening scene 'Assets/Scenes/SampleScene.unity'
Unloading 6 Unused Serialized files (Serialized files now loaded: 0)
Loaded scene 'Assets/Scenes/SampleScene.unity'
	Deserialize:            213.613 ms
	Integration:            159.350 ms
	Integration of assets:  9.078 ms
	Thread Wait Time:       26.067 ms
	Total Operation Time:   408.110 ms
System memory in use before: 52.5 MB.
System memory in use after: 52.1 MB.

Unloading 21 unused Assets to reduce memory usage. Loaded Objects now: 901.
Total: 6.598300 ms (FindLiveObjects: 0.879600 ms CreateObjectMapping: 0.022100 ms MarkObjects: 4.600100 ms  DeleteObjects: 1.094800 ms)

Created GICache directory at C:/Users/kopi_SACHet/AppData/LocalLow/Unity/Caches/GiCache. Took: 0.070s, timestamps: [26.400 - 26.470]
gi::BakeBackendSwitch: switching bake backend from 3 to 1.
[00:00:00] Enlighten: Precompute started.
[00:00:00] Enlighten: Finished 1 Layout Systems job (0.00s execute, 0.00s integrate, 0.04s wallclock)
[00:00:00] Enlighten: Finished 1 Tetrahedralize Probes job (0.00s execute, 0.00s integrate, 0.02s wallclock)
[00:00:00] Enlighten: Precompute took 0.058476 seconds.
Enlighten scene contents:   0 geometries.   0 instances.   0 systems.   0 probe groups.   0 cube maps. Scene is up-to-date.
[00:00:00] Enlighten: Bake started.
Setting up 2 worker threads for Enlighten.
  Thread -> id: 3704 -> priority: 1 
  Thread -> id: 1c94 -> priority: 1 
[00:00:00] Enlighten: Finished 1 Create Input Lighting job (0.00s execute, 0.00s integrate, 0.02s wallclock)
[00:00:00] Enlighten: Finished 1 Bake Runtime job (0.09s execute, 0.00s integrate, 0.10s wallclock)
[Optix] removing context.
[00:00:00] Enlighten: Bake took 0.129292 seconds.
[PathTracer] Loaded OpenRL shaders in 2.074 secs -> Timestamps: [26.564 - 28.638].[PathTracer] building lightmap data asset.
[PathTracer] Total bake time: 0.018855, raw bake time: 0.000000
[00:00:03] Enlighten: Reflection Probes started.
[00:00:03] Enlighten: Finished 1 Bake Ambient Probe job (0.00s execute, 0.00s integrate, 0.02s wallclock)
[00:00:03] Enlighten: Finished 1 Reflection System job (0.00s execute, 0.00s integrate, 0.02s wallclock)
[00:00:03] Enlighten: LightingDataAsset started.
> Collecting Enlighten data
Launched and connected shader compiler UnityShaderCompiler.exe after 0.52 seconds
Launched and connected shader compiler UnityShaderCompiler.exe after 0.05 seconds
Launched and connected shader compiler UnityShaderCompiler.exe after 0.05 seconds


Mono dependencies included in the build
Dependency assembly - System.Diagnostics.StackTrace.dll
Dependency assembly - System.Globalization.Extensions.dll
Dependency assembly - System.Runtime.Serialization.Xml.dll
Dependency assembly - System.Xml.XPath.XDocument.dll
Dependency assembly - netstandard.dll
Dependency assembly - Mono.Security.dll
Dependency assembly - System.ComponentModel.Composition.dll
Dependency assembly - System.Configuration.dll
Dependency assembly - System.Core.dll
Dependency assembly - System.Data.dll
Dependency assembly - System.Drawing.dll
Dependency assembly - System.EnterpriseServices.dll
Dependency assembly - System.IO.Compression.FileSystem.dll
Dependency assembly - System.IO.Compression.dll
Dependency assembly - System.Net.Http.dll
Dependency assembly - System.Numerics.dll
Dependency assembly - System.Runtime.Serialization.dll
Dependency assembly - System.ServiceModel.Internals.dll
Dependency assembly - System.Transactions.dll
Dependency assembly - System.Xml.Linq.dll
Dependency assembly - System.Xml.dll
Dependency assembly - System.dll
Dependency assembly - mscorlib.dll
Dependency assembly - Assembly-CSharp.dll
Dependency assembly - UnityEngine.UI.dll

Unloading 18 Unused Serialized files (Serialized files now loaded: 0)
System memory in use before: 92.6 MB.
System memory in use after: 92.1 MB.

Unloading 73 unused Assets to reduce memory usage. Loaded Objects now: 747.
Total: 16.204400 ms (FindLiveObjects: 3.323700 ms CreateObjectMapping: 0.088100 ms MarkObjects: 8.612300 ms  DeleteObjects: 4.174500 ms)

[00:00:00] Enlighten: Reflection Probes took 8.823120 seconds. Cancelled, so not done yet.
[00:00:00] Enlighten: LightingDataAsset took 8.783177 seconds. Cancelled, so not done yet.
[EnlightenBakeManager] m_Clear = false;
Unloading 1 Unused Serialized files (Serialized files now loaded: 0)
System memory in use before: 91.4 MB.
System memory in use after: 91.4 MB.

Unloading 0 unused Assets to reduce memory usage. Loaded Objects now: 758.
Total: 4.133800 ms (FindLiveObjects: 0.246100 ms CreateObjectMapping: 0.014200 ms MarkObjects: 3.864500 ms  DeleteObjects: 0.008000 ms)

Unloading 1 Unused Serialized files (Serialized files now loaded: 0)
System memory in use before: 229.1 MB.
System memory in use after: 91.9 MB.

Unloading 158 unused Assets to reduce memory usage. Loaded Objects now: 746.
Total: 30.298000 ms (FindLiveObjects: 0.775700 ms CreateObjectMapping: 0.106800 ms MarkObjects: 3.681800 ms  DeleteObjects: 25.732400 ms)

Compiled shader 'Standard' in 3.58s
    d3d11 (total internal programs: 360, unique: 304)
Compressed shader 'Standard' on d3d11 from 1.03MB to 0.05MB
DisplayProgressbar: Building Player
Refreshing native plugins compatible for Editor in 0.09 ms, found 0 plugins.
Preloading 0 native plugins for Editor in 0.00 ms.

-------------------------------------------------------------------------------
Build Report
Uncompressed usage by category (Percentages based on user generated assets only):
Textures               128.2 kb	 0.9% 
Meshes                 40.4 kb	 0.3% 
Animations             5.1 kb	 0.0% 
Sounds                 0.0 kb	 0.0% 
Shaders                276.4 kb	 1.9% 
Other Assets           10.8 kb	 0.1% 
Levels                 13.5 kb	 0.1% 
Scripts                254.5 kb	 1.8% 
Included DLLs          13.4 mb	 94.9% 
File headers           8.5 kb	 0.1% 
Total User Assets      14.2 mb	 100.0% 
Complete build size    56.7 mb
Used Assets and files from the Resources folder, sorted by uncompressed size:
 234.4 kb	 0.4% Resources/unity_builtin_extra
 128.2 kb	 0.2% Built-in Cubemap: 
 43.6 kb	 0.1% Assets/Shaders/Albatross_Surface.shader
 40.5 kb	 0.1% Assets/Prefab/Dummy/DummyEnvironment.obj
 2.6 kb	 0.0% Assets/Prefab/Player/Animation/pl_AnLaser_sShoot.anim
 2.5 kb	 0.0% Assets/Prefab/Player/Animation/pl_AnLaser_sShootF.anim
 1.4 kb	 0.0% Assets/Prefab/Player/Animator/pl_A-laser.controller
 1.0 kb	 0.0% Assets/Mats/DummyLaserMats.mat
 0.9 kb	 0.0% Assets/Mats/DummyPK009D_mat.mat
 0.9 kb	 0.0% Assets/Mats/DummyPK009A_mat.mat
 0.9 kb	 0.0% Assets/Mats/DummyGroundMats.mat
 0.9 kb	 0.0% Assets/Mats/DummyMats.mat
 0.8 kb	 0.0% Assets/Mats/TestAlbatrossLaser.mat
 0.7 kb	 0.0% Assets/Prefab/Dummy/DummyObject.obj
 0.4 kb	 0.0% Assets/Prefab/Dummy/DummyPK-009D.prefab
 0.4 kb	 0.0% Assets/Prefab/Dummy/DummyPK-009A.prefab
 0.4 kb	 0.0% Assets/Prefab/Dummy/DummySphere.prefab
 0.2 kb	 0.0% Packages/com.unity.ugui/Tests/Runtime/Canvas/RectMask2DWithNestedCanvasCullsUsingCorrectCanvasRect.cs
 0.1 kb	 0.0% Packages/com.unity.ugui/Tests/Runtime/Canvas/CanvasScalerWithChildTextObjectDoesNotCrash.cs
 0.1 kb	 0.0% Packages/com.unity.ugui/Tests/Runtime/NestedLayout/SceneWithNestedLayoutElementsLoadScript.cs
 0.1 kb	 0.0% Packages/com.unity.ugui/Tests/Runtime/EventSystem/GraphicRaycasterWorldSpaceCanvasTests.cs
 0.1 kb	 0.0% Packages/com.unity.ugui/Tests/Runtime/Canvas/NoActiveCameraInSceneDoesNotCrashEditor.cs
 0.1 kb	 0.0% Packages/com.unity.ugui/Tests/Runtime/Canvas/CanvasSizeCorrectInAwakeAndStartScript.cs
 0.1 kb	 0.0% Packages/com.unity.ugui/Runtime/UI/Core/Layout/HorizontalOrVerticalLayoutGroup.cs
 0.1 kb	 0.0% Packages/com.unity.ugui/Tests/Runtime/NestedLayout/SceneWithNestedLayoutElementsLoads.cs
 0.1 kb	 0.0% Packages/com.unity.ugui/Tests/Runtime/Canvas/CoroutineWorksIfUIObjectIsAttached.cs
 0.1 kb	 0.0% Packages/com.unity.ugui/Tests/Runtime/Util/UIBehaviourExtensions.cs
 0.1 kb	 0.0% Packages/com.unity.ugui/Runtime/EventSystem/InputModules/StandaloneInputModule.cs
 0.1 kb	 0.0% Packages/com.unity.ugui/Tests/Runtime/InputField/GenericInputFieldTests.cs
 0.1 kb	 0.0% Packages/com.unity.ugui/Tests/Runtime/InputField/DesktopInputFieldTests.cs
 0.1 kb	 0.0% Packages/com.unity.ugui/Tests/Runtime/Canvas/RectTransformValidAfterEnable.cs
 0.1 kb	 0.0% Packages/com.unity.ugui/Tests/Runtime/Canvas/NestedCanvasMaintainsCorrectSize.cs
 0.1 kb	 0.0% Packages/com.unity.ugui/Tests/Runtime/Canvas/CheckMeshColorsAndColors32Match.cs
 0.1 kb	 0.0% Packages/com.unity.ugui/Tests/Runtime/Canvas/CanvasSizeCorrectInAwakeAndStart.cs
 0.1 kb	 0.0% Packages/com.unity.ugui/Tests/Runtime/Canvas/BridgeScriptForRetainingObjects.cs
 0.1 kb	 0.0% Packages/com.unity.ugui/Tests/Runtime/Util/GraphicTestHelper.cs
 0.1 kb	 0.0% Packages/com.unity.ugui/Tests/Runtime/Util/ExceptionUtils.cs
 0.1 kb	 0.0% Packages/com.unity.ugui/Tests/Runtime/MaskClipping/RectMask2DClipping.cs
 0.1 kb	 0.0% Packages/com.unity.ugui/Tests/Runtime/Layout/VerticalLayoutGroupTests.cs
 0.1 kb	 0.0% Packages/com.unity.ugui/Tests/Runtime/Layout/ContentSizeFitterTests.cs
 0.1 kb	 0.0% Packages/com.unity.ugui/Runtime/UI/Core/Utility/ReflectionMethodsCache.cs
 0.1 kb	 0.0% Packages/com.unity.ugui/Runtime/UI/Core/MultipleDisplayUtilities.cs
 0.1 kb	 0.0% Packages/com.unity.ugui/Runtime/UI/Core/Layout/HorizontalLayoutGroup.cs
 0.1 kb	 0.0% Packages/com.unity.ugui/Runtime/UI/Core/GraphicRebuildTracker.cs
 0.1 kb	 0.0% Packages/com.unity.ugui/Runtime/UI/Core/Culling/RectangularVertexClipper.cs
 0.1 kb	 0.0% Packages/com.unity.ugui/Runtime/EventSystem/Raycasters/Physics2DRaycaster.cs
 0.1 kb	 0.0% Packages/com.unity.ugui/Runtime/EventSystem/InputModules/PointerInputModule.cs
 0.1 kb	 0.0% Packages/com.unity.ugui/Tests/Runtime/TextEditor/TextEditorBackspaceDelete.cs
 0.1 kb	 0.0% Packages/com.unity.ugui/Tests/Runtime/Layout/HorizonalLayoutGroupTests.cs
 0.1 kb	 0.0% Packages/com.unity.ugui/Tests/Runtime/InputField/TouchInputFieldTests.cs
 0.1 kb	 0.0% Packages/com.unity.ugui/Tests/Runtime/EventSystem/InputModuleTests/PointerClickCallbackCheck.cs
 0.1 kb	 0.0% Packages/com.unity.ugui/Tests/Runtime/Canvas/SiblingOrderChangesLayout.cs
 0.1 kb	 0.0% Packages/com.unity.ugui/Tests/Runtime/Canvas/CanvasGroupInheritedAlpha.cs
 0.1 kb	 0.0% Packages/com.unity.ugui/Tests/Runtime/Util/ConcreteGraphic.cs
 0.1 kb	 0.0% Packages/com.unity.ugui/Tests/Runtime/Toggle/TestableToggleGroup.cs
 0.1 kb	 0.0% Packages/com.unity.ugui/Tests/Runtime/Layout/LayoutGroupScaling.cs
 0.1 kb	 0.0% Packages/com.unity.ugui/Tests/Runtime/EventSystem/SelectableTests.cs
 0.1 kb	 0.0% Packages/com.unity.ugui/Runtime/UI/Core/SetPropertyUtility.cs
 0.1 kb	 0.0% Packages/com.unity.ugui/Runtime/UI/Core/Layout/VerticalLayoutGroup.cs
 0.1 kb	 0.0% Packages/com.unity.ugui/Runtime/UI/Core/Layout/ContentSizeFitter.cs
 0.1 kb	 0.0% Packages/com.unity.ugui/Runtime/UI/Core/Layout/AspectRatioFitter.cs
 0.1 kb	 0.0% Packages/com.unity.ugui/Runtime/UI/Core/FontUpdateTracker.cs
 0.1 kb	 0.0% Packages/com.unity.ugui/Runtime/UI/Core/CanvasUpdateRegistry.cs
 0.1 kb	 0.0% Packages/com.unity.ugui/Runtime/UI/Core/AnimationTriggers.cs
 0.1 kb	 0.0% Packages/com.unity.ugui/Runtime/EventSystem/Raycasters/PhysicsRaycaster.cs
 0.1 kb	 0.0% Packages/com.unity.ugui/Runtime/EventSystem/Raycasters/BaseRaycaster.cs
 0.1 kb	 0.0% Packages/com.unity.ugui/Runtime/EventSystem/RaycasterManager.cs
 0.1 kb	 0.0% Packages/com.unity.ugui/Runtime/EventSystem/InputModules/TouchInputModule.cs
 0.1 kb	 0.0% Packages/com.unity.ugui/Runtime/EventSystem/InputModules/BaseInputModule.cs
 0.1 kb	 0.0% Packages/com.unity.ugui/Runtime/EventSystem/ExecuteEvents.cs
 0.1 kb	 0.0% Packages/com.unity.ugui/Runtime/EventSystem/EventData/PointerEventData.cs
 0.1 kb	 0.0% Packages/com.unity.ugui/Runtime/EventSystem/EventData/BaseEventData.cs
 0.1 kb	 0.0% Packages/com.unity.ugui/Runtime/EventSystem/EventData/AxisEventData.cs
 0.1 kb	 0.0% Packages/com.unity.ugui/Tests/Runtime/ScrollRect/ScrollRectStableLayout.cs
 0.1 kb	 0.0% Packages/com.unity.ugui/Tests/Runtime/LayoutGroup/LayoutGroupArrangement.cs
 0.1 kb	 0.0% Packages/com.unity.ugui/Tests/Runtime/InputField/FakeInputModule.cs
 0.1 kb	 0.0% Packages/com.unity.ugui/Tests/Runtime/Image/ImageFilledGenerateWork.cs
 0.1 kb	 0.0% Packages/com.unity.ugui/Tests/Runtime/EventSystem/PhysicsRaycasterTests.cs
 0.1 kb	 0.0% Packages/com.unity.ugui/Tests/Runtime/EventSystem/GraphicRaycasterTests.cs
 0.1 kb	 0.0% Packages/com.unity.ugui/Tests/Runtime/Util/ImageHook.cs
 0.1 kb	 0.0% Packages/com.unity.ugui/Tests/Runtime/Toggle/ToggleGroupTests.cs
 0.1 kb	 0.0% Packages/com.unity.ugui/Tests/Runtime/Graphic/ImageTests.cs
 0.1 kb	 0.0% Packages/com.unity.ugui/Runtime/UI/Core/VertexModifiers/PositionAsUV1.cs
 0.1 kb	 0.0% Packages/com.unity.ugui/Runtime/UI/Core/VertexModifiers/BaseMeshEffect.cs
 0.1 kb	 0.0% Packages/com.unity.ugui/Runtime/UI/Core/StencilMaterial.cs
 0.1 kb	 0.0% Packages/com.unity.ugui/Runtime/UI/Core/MaskableGraphic.cs
 0.1 kb	 0.0% Packages/com.unity.ugui/Runtime/UI/Core/MaskUtilities.cs
 0.1 kb	 0.0% Packages/com.unity.ugui/Runtime/UI/Core/Layout/LayoutUtility.cs
 0.1 kb	 0.0% Packages/com.unity.ugui/Runtime/UI/Core/Layout/LayoutRebuilder.cs
 0.1 kb	 0.0% Packages/com.unity.ugui/Runtime/UI/Core/Layout/LayoutElement.cs
 0.1 kb	 0.0% Packages/com.unity.ugui/Runtime/UI/Core/Layout/GridLayoutGroup.cs
 0.1 kb	 0.0% Packages/com.unity.ugui/Runtime/UI/Core/IGraphicEnabledDisabled.cs
 0.1 kb	 0.0% Packages/com.unity.ugui/Runtime/UI/Core/GraphicRegistry.cs
 0.1 kb	 0.0% Packages/com.unity.ugui/Runtime/UI/Core/GraphicRaycaster.cs
 0.1 kb	 0.0% Packages/com.unity.ugui/Runtime/UI/Core/DefaultControls.cs
 0.1 kb	 0.0% Packages/com.unity.ugui/Runtime/UI/Core/Culling/ClipperRegistry.cs
 0.1 kb	 0.0% Packages/com.unity.ugui/Runtime/EventSystem/UIBehaviour.cs
 0.1 kb	 0.0% Packages/com.unity.ugui/Runtime/EventSystem/InputModules/BaseInput.cs
 0.1 kb	 0.0% Packages/com.unity.ugui/Runtime/EventSystem/EventTrigger.cs
 0.1 kb	 0.0% Packages/com.unity.ugui/Runtime/EventSystem/EventSystem.cs
 0.1 kb	 0.0% Assets/Scripts/Inspector/AlbatrossAnchorHandler.cs
 0.1 kb	 0.0% Packages/com.unity.ugui/Tests/Runtime/Util/PrivateFieldSetter.cs
 0.1 kb	 0.0% Packages/com.unity.ugui/Tests/Runtime/Layout/GridLayoutGroupTests.cs
 0.1 kb	 0.0% Packages/com.unity.ugui/Tests/Runtime/Graphic/ToggleTestImageHook.cs
 0.1 kb	 0.0% Packages/com.unity.ugui/Tests/Runtime/EventSystem/RaycastSortingTests.cs
 0.1 kb	 0.0% Packages/com.unity.ugui/Tests/Runtime/EventSystem/InputModuleTests/DragCallbackCheck.cs
 0.1 kb	 0.0% Packages/com.unity.ugui/Tests/Runtime/Canvas/CreateSceneUtility.cs
 0.1 kb	 0.0% Packages/com.unity.ugui/Tests/Runtime/Toggle/ToggleTests.cs
 0.1 kb	 0.0% Packages/com.unity.ugui/Runtime/UI/Core/Utility/VertexHelper.cs
 0.1 kb	 0.0% Packages/com.unity.ugui/Runtime/UI/Core/ToggleGroup.cs
 0.1 kb	 0.0% Packages/com.unity.ugui/Runtime/UI/Core/Selectable.cs
 0.1 kb	 0.0% Packages/com.unity.ugui/Runtime/UI/Core/Scrollbar.cs
 0.1 kb	 0.0% Packages/com.unity.ugui/Runtime/UI/Core/ScrollRect.cs
 0.1 kb	 0.0% Packages/com.unity.ugui/Runtime/UI/Core/RectMask2D.cs
 0.1 kb	 0.0% Packages/com.unity.ugui/Runtime/UI/Core/MaterialModifiers/IMaterialModifier.cs
 0.1 kb	 0.0% Packages/com.unity.ugui/Runtime/UI/Core/Layout/LayoutGroup.cs
 0.1 kb	 0.0% Packages/com.unity.ugui/Runtime/UI/Core/Layout/CanvasScaler.cs
 0.1 kb	 0.0% Packages/com.unity.ugui/Runtime/UI/Core/InputField.cs
 0.1 kb	 0.0% Assets/Scripts/Inspector/MaterialBehaviour.cs
 0.1 kb	 0.0% Assets/Scripts/Inspector/DeltaHoriController.cs
 0.1 kb	 0.0% Packages/com.unity.ugui/Tests/Runtime/TextEditor/TextEditorTests.cs
 0.1 kb	 0.0% Packages/com.unity.ugui/Tests/Runtime/ScrollRect/ScrollRectTests.cs
 0.1 kb	 0.0% Packages/com.unity.ugui/Tests/Runtime/ScrollRect/ScrollRectScale.cs
 0.1 kb	 0.0% Packages/com.unity.ugui/Tests/Runtime/ScrollRect/ScrollRectClamp.cs
 0.1 kb	 0.0% Packages/com.unity.ugui/Tests/Runtime/ScrollBar/ScrollBarTests.cs
 0.1 kb	 0.0% Packages/com.unity.ugui/Tests/Runtime/ScrollBar/ScrollBarClamp.cs
 0.1 kb	 0.0% Packages/com.unity.ugui/Tests/Runtime/InputField/InputFieldTests.cs
 0.1 kb	 0.0% Packages/com.unity.ugui/Tests/Runtime/Image/TestableImage.cs
 0.1 kb	 0.0% Packages/com.unity.ugui/Tests/Runtime/Graphic/RawImageTestHook.cs
 0.1 kb	 0.0% Packages/com.unity.ugui/Tests/Runtime/Graphic/RawImageTest.cs
 0.1 kb	 0.0% Packages/com.unity.ugui/Tests/Runtime/Graphic/MaskTests.cs
 0.1 kb	 0.0% Packages/com.unity.ugui/Tests/Runtime/Graphic/GraphicTests.cs
 0.1 kb	 0.0% Packages/com.unity.ugui/Tests/Runtime/EventSystem/InputModuleTests/FakeBaseInput.cs
 0.1 kb	 0.0% Packages/com.unity.ugui/Tests/Runtime/EventSystem/InputModuleTests.cs
 0.1 kb	 0.0% Packages/com.unity.ugui/Tests/Runtime/Dropdown/DropdownTests.cs
 0.1 kb	 0.0% Packages/com.unity.ugui/Runtime/UI/Core/VertexModifiers/Shadow.cs
 0.1 kb	 0.0% Packages/com.unity.ugui/Runtime/UI/Core/VertexModifiers/Outline.cs
 0.1 kb	 0.0% Packages/com.unity.ugui/Runtime/UI/Core/VertexModifiers/IMeshModifier.cs
 0.1 kb	 0.0% Packages/com.unity.ugui/Runtime/UI/Core/Toggle.cs
 0.1 kb	 0.0% Packages/com.unity.ugui/Runtime/UI/Core/Slider.cs
 0.1 kb	 0.0% Packages/com.unity.ugui/Runtime/UI/Core/RawImage.cs
 0.1 kb	 0.0% Packages/com.unity.ugui/Runtime/UI/Core/Layout/ILayoutElement.cs
 0.1 kb	 0.0% Packages/com.unity.ugui/Runtime/UI/Core/Image.cs
 0.1 kb	 0.0% Packages/com.unity.ugui/Runtime/UI/Core/Graphic.cs
 0.1 kb	 0.0% Packages/com.unity.ugui/Runtime/UI/Core/FontData.cs
 0.1 kb	 0.0% Packages/com.unity.ugui/Runtime/UI/Core/Dropdown.cs
 0.1 kb	 0.0% Packages/com.unity.ugui/Runtime/UI/Core/Culling/Clipping.cs
 0.1 kb	 0.0% Packages/com.unity.ugui/Runtime/UI/Core/Button.cs
 0.1 kb	 0.0% Packages/com.unity.ugui/Runtime/UI/Animation/CoroutineTween.cs
 0.1 kb	 0.0% Packages/com.unity.ugui/Runtime/EventSystem/RaycastResult.cs
 0.1 kb	 0.0% Packages/com.unity.ugui/Runtime/EventSystem/MoveDirection.cs
 0.1 kb	 0.0% Packages/com.unity.ugui/Runtime/EventSystem/EventTriggerType.cs
 0.1 kb	 0.0% Packages/com.unity.ugui/Runtime/EventSystem/EventInterfaces.cs
 0.1 kb	 0.0% Assets/Scripts/Utility/SHMUPObjectPool/SHMUPObjectPool.cs
 0.1 kb	 0.0% Assets/Scripts/Inspector/TestCoroutine.cs
 0.1 kb	 0.0% Assets/Scripts/Inspector/PlayfieldPath.cs
 0.1 kb	 0.0% Assets/Scripts/Inspector/EnemyBehaviour.cs
 0.1 kb	 0.0% Assets/Scripts/Inspector/AlbatrossShoot.cs
 0.1 kb	 0.0% Packages/com.unity.ugui/Tests/Runtime/Slider/SliderTests.cs
 0.1 kb	 0.0% Packages/com.unity.ugui/Tests/Runtime/Image/ImageTests.cs
 0.1 kb	 0.0% Packages/com.unity.ugui/Tests/Runtime/EventSystem/InputModuleTests/MouseUpdate.cs
 0.1 kb	 0.0% Packages/com.unity.ugui/Tests/Runtime/Canvas/NestedCanvas.cs
 0.1 kb	 0.0% Packages/com.unity.ugui/Tests/Runtime/Button/TestButton.cs
 0.1 kb	 0.0% Packages/com.unity.ugui/Tests/Runtime/Button/ButtonTests.cs
 0.1 kb	 0.0% Packages/com.unity.ugui/Runtime/UI/Core/Utility/ObjectPool.cs
 0.1 kb	 0.0% Packages/com.unity.ugui/Runtime/UI/Core/Text.cs
 0.1 kb	 0.0% Packages/com.unity.ugui/Runtime/UI/Core/SpriteState.cs
 0.1 kb	 0.0% Packages/com.unity.ugui/Runtime/UI/Core/SpecializedCollections/IndexedSet.cs
 0.1 kb	 0.0% Packages/com.unity.ugui/Runtime/UI/Core/Navigation.cs
 0.1 kb	 0.0% Packages/com.unity.ugui/Runtime/UI/Core/Misc.cs
 0.1 kb	 0.0% Packages/com.unity.ugui/Runtime/UI/Core/Mask.cs
 0.1 kb	 0.0% Packages/com.unity.ugui/Runtime/UI/Core/IMaskable.cs
 0.1 kb	 0.0% Packages/com.unity.ugui/Runtime/UI/Core/Culling/IClipRegion.cs
 0.1 kb	 0.0% Packages/com.unity.ugui/Runtime/UI/Core/ColorBlock.cs
 0.1 kb	 0.0% Packages/com.unity.ugui/Runtime/Properties/AssemblyInfo.cs
 0.1 kb	 0.0% Packages/com.unity.ugui/Runtime/EventSystem/EventHandle.cs
 0.1 kb	 0.0% Assets/Scripts/Inspector/Playfield.cs
 0.1 kb	 0.0% Assets/Scripts/Inspector/Interfaces/ShootBase.cs
 0.1 kb	 0.0% Assets/Scripts/Inspector/EnemySpawn.cs
 0.1 kb	 0.0% Packages/com.unity.ugui/Runtime/UI/Core/Utility/ListPool.cs
 0.1 kb	 0.0% Packages/com.unity.ugui/Runtime/UI/Core/IMask.cs
 0.1 kb	 0.0% Assets/Scripts/Inspector/Interfaces/IEnemy.cs
 0.0 kb	 0.0% Assets/Scenes/SampleSceneSettings.lighting
-------------------------------------------------------------------------------
Unloading 18 Unused Serialized files (Serialized files now loaded: 0)
System memory in use before: 92.8 MB.
System memory in use after: 92.4 MB.

Unloading 54 unused Assets to reduce memory usage. Loaded Objects now: 763.
Total: 4.099800 ms (FindLiveObjects: 0.295100 ms CreateObjectMapping: 0.015700 ms MarkObjects: 3.468900 ms  DeleteObjects: 0.319100 ms)

DisplayProgressNotification: Build Successful
Unloading 0 Unused Serialized files (Serialized files now loaded: 0)
Loaded scene 'Temp/__Backupscenes/0.backup'
	Deserialize:            40.875 ms
	Integration:            4.847 ms
	Integration of assets:  0.012 ms
	Thread Wait Time:       24.704 ms
	Total Operation Time:   70.438 ms
System memory in use before: 91.9 MB.
System memory in use after: 92.0 MB.

Unloading 0 unused Assets to reduce memory usage. Loaded Objects now: 754.
Total: 3.641000 ms (FindLiveObjects: 0.322400 ms CreateObjectMapping: 0.038600 ms MarkObjects: 3.270900 ms  DeleteObjects: 0.008100 ms)

Batchmode quit successfully invoked - shutting down!
[Performance] WinEditorMain                                               :        1 samples, Peak.  2.64 s (1.0x), Avg.  2.64 s, Total. 2.643 s (5.0%)
[Performance] WinEditorMain.ConfigureCrashHandler                         :        1 samples, Peak.  63.8 us (1.0x), Avg.  63.8 us, Total. 63.80 us (0.0%)
[Performance] WinEditorMain.CurlRequestInitialize                         :        1 samples, Peak.  2.65 ms (1.0x), Avg.  2.65 ms, Total. 2.654 ms (0.0%)
[Performance] WinEditorMain.SetupLogFile                                  :        1 samples, Peak.  1.63 ms (1.0x), Avg.  1.63 ms, Total. 1.626 ms (0.0%)
[Performance] WinEditorMain.RunNativeTestsIfRequiredAndExit               :        1 samples, Peak.  6.40 us (1.0x), Avg.  6.40 us, Total. 6.400 us (0.0%)
[Performance] WinEditorMain.Licensing                                     :        1 samples, Peak.  2.62 s (1.0x), Avg.  2.62 s, Total. 2.617 s (5.0%)
[Performance] WinEditorMain.InitializeCrashHandler                        :        1 samples, Peak.  19.3 ms (1.0x), Avg.  19.3 ms, Total. 19.28 ms (0.0%)
[Performance] WinEditorMain.CreateApplication                             :        1 samples, Peak.   630 us (1.0x), Avg.   630 us, Total. 630.5 us (0.0%)
[Performance] Application.InitializeProject                               :        1 samples, Peak.  20.1 s (1.0x), Avg.  20.1 s, Total. 20.09 s (38.2%)
[Performance] Application.PackageManager.StartServer                      :        1 samples, Peak.  8.02 ms (1.0x), Avg.  8.02 ms, Total. 8.018 ms (0.0%)
[Performance] Application.AcquireProjectLock                              :        1 samples, Peak.   334 ms (1.0x), Avg.   334 ms, Total. 334.1 ms (0.6%)
[Performance] Application.InitializeEngineNoGraphics                      :        1 samples, Peak.   135 ms (1.0x), Avg.   135 ms, Total. 135.2 ms (0.3%)
[Performance] Application.PackageManager.Initialize                       :        1 samples, Peak.  1.71 s (1.0x), Avg.  1.71 s, Total. 1.710 s (3.3%)
[Performance] CurlRequestCheck                                            :       29 samples, Peak.  72.3 us (6.5x), Avg.  11.1 us, Total. 321.8 us (0.0%)
[Performance] Application.EngineGraphics.Initialize                       :        1 samples, Peak.   675 ms (1.0x), Avg.   675 ms, Total. 675.0 ms (1.3%)
[Performance] Application.GI.Initialize                                   :        1 samples, Peak.   422 ms (1.0x), Avg.   422 ms, Total. 421.5 ms (0.8%)
[Performance] Application.LoadAllDefaultResourcesFromEditor               :        1 samples, Peak.  3.33 ms (1.0x), Avg.  3.33 ms, Total. 3.328 ms (0.0%)
[Performance] Application.LoadMonoAssemblies                              :        1 samples, Peak.  5.29 s (1.0x), Avg.  5.29 s, Total. 5.287 s (10.0%)
[Performance] ProcessService.EditorAfterLoadAllAssemblies                 :        2 samples, Peak.  31.3 ms (1.0x), Avg.  30.8 ms, Total. 61.62 ms (0.1%)
[Performance] Application.ReadLicenseInfo                                 :        1 samples, Peak.  13.7 ms (1.0x), Avg.  13.7 ms, Total. 13.75 ms (0.0%)
[Performance] Application.InitialScriptRefresh                            :        1 samples, Peak.  6.50 s (1.0x), Avg.  6.50 s, Total. 6.505 s (12.4%)
[Performance] Application.AssetDatabase.Refresh                           :        1 samples, Peak.   167 ms (1.0x), Avg.   167 ms, Total. 166.6 ms (0.3%)
[Performance] AssetDatabase.Refresh                                       :        1 samples, Peak.   167 ms (1.0x), Avg.   167 ms, Total. 166.6 ms (0.3%)
[Performance] AssetDatabase.ImportAssets                                  :        3 samples, Peak.   800 ns (1.7x), Avg.   467 ns, Total. 1.400 us (0.0%)
[Performance] BuildCatalog                                                :        1 samples, Peak.  62.8 ms (1.0x), Avg.  62.8 ms, Total. 62.76 ms (0.1%)
[Performance] Application.ImportAssetsWithMismatchingAssetImporterVersion :        1 samples, Peak.   129 ms (1.0x), Avg.   129 ms, Total. 128.8 ms (0.2%)
[Performance] Application.SyncCurrentColorSpace                           :        1 samples, Peak.  1.94 s (1.0x), Avg.  1.94 s, Total. 1.942 s (3.7%)
[Performance] Application.OnUsbDevicesChanged                             :        1 samples, Peak.  41.4 ms (1.0x), Avg.  41.4 ms, Total. 41.38 ms (0.1%)
[Performance] Application.AssetInstanceCacheUpdate                        :        1 samples, Peak.  2.70 us (1.0x), Avg.  2.70 us, Total. 2.700 us (0.0%)
[Performance] Application.UnityExtensions.Initialize                      :        1 samples, Peak.   616 us (1.0x), Avg.   616 us, Total. 616.0 us (0.0%)
[Performance] Application.InitializeManagedCompilationPipeline            :        1 samples, Peak.  16.2 ms (1.0x), Avg.  16.2 ms, Total. 16.24 ms (0.0%)
[Performance] Application.ExecuteStartups                                 :        1 samples, Peak.   206 ms (1.0x), Avg.   206 ms, Total. 206.2 ms (0.4%)
[Performance] Application.InitializeMenu                                  :        1 samples, Peak.  45.8 ms (1.0x), Avg.  45.8 ms, Total. 45.78 ms (0.1%)
[Performance] UpdateAllMenus                                              :        1 samples, Peak.  43.2 ms (1.0x), Avg.  43.2 ms, Total. 43.19 ms (0.1%)
[Performance] Application.editorInitializingProject                       :        1 samples, Peak.   974 us (1.0x), Avg.   974 us, Total. 973.8 us (0.0%)
[Performance] GUIView.RepaintAll.PlayerLoopController                     :        4 samples, Peak.  1.60 us (1.2x), Avg.  1.38 us, Total. 5.500 us (0.0%)
[Performance] Application.InvokeFinishedLoadingProject                    :        1 samples, Peak.   161 ms (1.0x), Avg.   161 ms, Total. 160.9 ms (0.3%)
[Performance] ProcessService.OnProjectLoaded                              :        1 samples, Peak.  29.1 ms (1.0x), Avg.  29.1 ms, Total. 29.10 ms (0.1%)
[Performance] GenerateAssemblyTypeInfos                                   :        2 samples, Peak.   131 ms (1.4x), Avg.  96.4 ms, Total. 192.7 ms (0.4%)
[Performance] Inspector.InitOrRebuild                                     :        2 samples, Peak.  1.83 ms (1.9x), Avg.   976 us, Total. 1.952 ms (0.0%)
AcceleratorClientConnectionCallback - disconnected - :0
Cleanup mono
Waiting on threads to park on joinable thread list timed out.
Exiting batchmode successfully now!
Exiting without the bug reporter. Application will terminate with return code 0